<?xml version="1.0" encoding="UTF-8"?>
<testng-results skipped="0" failed="3" ignored="7" total="10" passed="0">
  <reporter-output>
  </reporter-output>
  <suite name="sanity suite" duration-ms="73" started-at="2022-05-09T18:48:55 BST" finished-at="2022-05-09T18:48:55 BST">
    <groups>
      <group name="regression">
        <method signature="ComputerPageTest.verifyUserShouldNavigateToComputerPageSuccessfully()[pri:0, instance:com.nopcommerce.demo.testsuite.ComputerPageTest@53f65459]" name="verifyUserShouldNavigateToComputerPageSuccessfully" class="com.nopcommerce.demo.testsuite.ComputerPageTest"/>
        <method signature="LoginPageTest.userShouldNavigateToLoginPageSuccessfully()[pri:0, instance:com.nopcommerce.demo.testsuite.LoginPageTest@1877ab81]" name="userShouldNavigateToLoginPageSuccessfully" class="com.nopcommerce.demo.testsuite.LoginPageTest"/>
        <method signature="RegisterPageTest.verifyUserShouldNavigateToRegisterPageSuccessfully()[pri:0, instance:com.nopcommerce.demo.testsuite.RegisterPageTest@4232c52b]" name="verifyUserShouldNavigateToRegisterPageSuccessfully" class="com.nopcommerce.demo.testsuite.RegisterPageTest"/>
      </group> <!-- regression -->
      <group name="smoke">
        <method signature="ComputerPageTest.verifyUserShouldNavigateToComputerPageSuccessfully()[pri:0, instance:com.nopcommerce.demo.testsuite.ComputerPageTest@53f65459]" name="verifyUserShouldNavigateToComputerPageSuccessfully" class="com.nopcommerce.demo.testsuite.ComputerPageTest"/>
        <method signature="LoginPageTest.userShouldNavigateToLoginPageSuccessfully()[pri:0, instance:com.nopcommerce.demo.testsuite.LoginPageTest@1877ab81]" name="userShouldNavigateToLoginPageSuccessfully" class="com.nopcommerce.demo.testsuite.LoginPageTest"/>
        <method signature="RegisterPageTest.verifyUserShouldNavigateToRegisterPageSuccessfully()[pri:0, instance:com.nopcommerce.demo.testsuite.RegisterPageTest@4232c52b]" name="verifyUserShouldNavigateToRegisterPageSuccessfully" class="com.nopcommerce.demo.testsuite.RegisterPageTest"/>
      </group> <!-- smoke -->
      <group name="sanity">
        <method signature="ComputerPageTest.verifyUserShouldNavigateToComputerPageSuccessfully()[pri:0, instance:com.nopcommerce.demo.testsuite.ComputerPageTest@53f65459]" name="verifyUserShouldNavigateToComputerPageSuccessfully" class="com.nopcommerce.demo.testsuite.ComputerPageTest"/>
        <method signature="LoginPageTest.userShouldNavigateToLoginPageSuccessfully()[pri:0, instance:com.nopcommerce.demo.testsuite.LoginPageTest@1877ab81]" name="userShouldNavigateToLoginPageSuccessfully" class="com.nopcommerce.demo.testsuite.LoginPageTest"/>
        <method signature="RegisterPageTest.verifyUserShouldNavigateToRegisterPageSuccessfully()[pri:0, instance:com.nopcommerce.demo.testsuite.RegisterPageTest@4232c52b]" name="verifyUserShouldNavigateToRegisterPageSuccessfully" class="com.nopcommerce.demo.testsuite.RegisterPageTest"/>
      </group> <!-- sanity -->
    </groups>
    <test name="sanity" duration-ms="73" started-at="2022-05-09T18:48:55 BST" finished-at="2022-05-09T18:48:55 BST">
      <class name="com.nopcommerce.demo.testsuite.RegisterPageTest">
        <test-method status="FAIL" signature="verifyUserShouldNavigateToRegisterPageSuccessfully()[pri:0, instance:com.nopcommerce.demo.testsuite.RegisterPageTest@4232c52b]" name="verifyUserShouldNavigateToRegisterPageSuccessfully" duration-ms="0" started-at="2022-05-09T18:48:55 BST" finished-at="2022-05-09T18:48:55 BST">
          <exception class="java.lang.NullPointerException">
            <full-stacktrace>
              <![CDATA[java.lang.NullPointerException
at com.nopcommerce.demo.testsuite.RegisterPageTest.verifyUserShouldNavigateToRegisterPageSuccessfully(RegisterPageTest.java:25)
at sun.reflect.NativeMethodAccessorImpl.invoke0(Native Method)
at sun.reflect.NativeMethodAccessorImpl.invoke(NativeMethodAccessorImpl.java:62)
at sun.reflect.DelegatingMethodAccessorImpl.invoke(DelegatingMethodAccessorImpl.java:43)
at java.lang.reflect.Method.invoke(Method.java:498)
at org.testng.internal.invokers.MethodInvocationHelper.invokeMethod(MethodInvocationHelper.java:135)
at org.testng.internal.invokers.TestInvoker.invokeMethod(TestInvoker.java:673)
at org.testng.internal.invokers.TestInvoker.invokeTestMethod(TestInvoker.java:220)
at org.testng.internal.invokers.MethodRunner.runInSequence(MethodRunner.java:50)
at org.testng.internal.invokers.TestInvoker$MethodInvocationAgent.invoke(TestInvoker.java:945)
at org.testng.internal.invokers.TestInvoker.invokeTestMethods(TestInvoker.java:193)
at org.testng.internal.invokers.TestMethodWorker.invokeTestMethods(TestMethodWorker.java:146)
at org.testng.internal.invokers.TestMethodWorker.run(TestMethodWorker.java:128)
at java.util.ArrayList.forEach(ArrayList.java:1249)
at org.testng.TestRunner.privateRun(TestRunner.java:808)
at org.testng.TestRunner.run(TestRunner.java:603)
at org.testng.SuiteRunner.runTest(SuiteRunner.java:429)
at org.testng.SuiteRunner.runSequentially(SuiteRunner.java:423)
at org.testng.SuiteRunner.privateRun(SuiteRunner.java:383)
at org.testng.SuiteRunner.run(SuiteRunner.java:326)
at org.testng.SuiteRunnerWorker.runSuite(SuiteRunnerWorker.java:52)
at org.testng.SuiteRunnerWorker.run(SuiteRunnerWorker.java:95)
at org.testng.TestNG.runSuitesSequentially(TestNG.java:1249)
at org.testng.TestNG.runSuitesLocally(TestNG.java:1169)
at org.testng.TestNG.runSuites(TestNG.java:1092)
at org.testng.TestNG.run(TestNG.java:1060)
at com.intellij.rt.testng.IDEARemoteTestNG.run(IDEARemoteTestNG.java:66)
at com.intellij.rt.testng.RemoteTestNGStarter.main(RemoteTestNGStarter.java:109)
]]>
            </full-stacktrace>
          </exception> <!-- java.lang.NullPointerException -->
          <reporter-output>
          </reporter-output>
        </test-method> <!-- verifyUserShouldNavigateToRegisterPageSuccessfully -->
      </class> <!-- com.nopcommerce.demo.testsuite.RegisterPageTest -->
      <class name="com.nopcommerce.demo.testsuite.ComputerPageTest">
        <test-method status="FAIL" signature="verifyUserShouldNavigateToComputerPageSuccessfully()[pri:0, instance:com.nopcommerce.demo.testsuite.ComputerPageTest@53f65459]" name="verifyUserShouldNavigateToComputerPageSuccessfully" duration-ms="12" started-at="2022-05-09T18:48:55 BST" finished-at="2022-05-09T18:48:55 BST">
          <exception class="java.lang.NullPointerException">
            <full-stacktrace>
              <![CDATA[java.lang.NullPointerException
at com.nopcommerce.demo.testsuite.ComputerPageTest.verifyUserShouldNavigateToComputerPageSuccessfully(ComputerPageTest.java:28)
at sun.reflect.NativeMethodAccessorImpl.invoke0(Native Method)
at sun.reflect.NativeMethodAccessorImpl.invoke(NativeMethodAccessorImpl.java:62)
at sun.reflect.DelegatingMethodAccessorImpl.invoke(DelegatingMethodAccessorImpl.java:43)
at java.lang.reflect.Method.invoke(Method.java:498)
at org.testng.internal.invokers.MethodInvocationHelper.invokeMethod(MethodInvocationHelper.java:135)
at org.testng.internal.invokers.TestInvoker.invokeMethod(TestInvoker.java:673)
at org.testng.internal.invokers.TestInvoker.invokeTestMethod(TestInvoker.java:220)
at org.testng.internal.invokers.MethodRunner.runInSequence(MethodRunner.java:50)
at org.testng.internal.invokers.TestInvoker$MethodInvocationAgent.invoke(TestInvoker.java:945)
at org.testng.internal.invokers.TestInvoker.invokeTestMethods(TestInvoker.java:193)
at org.testng.internal.invokers.TestMethodWorker.invokeTestMethods(TestMethodWorker.java:146)
at org.testng.internal.invokers.TestMethodWorker.run(TestMethodWorker.java:128)
at java.util.ArrayList.forEach(ArrayList.java:1249)
at org.testng.TestRunner.privateRun(TestRunner.java:808)
at org.testng.TestRunner.run(TestRunner.java:603)
at org.testng.SuiteRunner.runTest(SuiteRunner.java:429)
at org.testng.SuiteRunner.runSequentially(SuiteRunner.java:423)
at org.testng.SuiteRunner.privateRun(SuiteRunner.java:383)
at org.testng.SuiteRunner.run(SuiteRunner.java:326)
at org.testng.SuiteRunnerWorker.runSuite(SuiteRunnerWorker.java:52)
at org.testng.SuiteRunnerWorker.run(SuiteRunnerWorker.java:95)
at org.testng.TestNG.runSuitesSequentially(TestNG.java:1249)
at org.testng.TestNG.runSuitesLocally(TestNG.java:1169)
at org.testng.TestNG.runSuites(TestNG.java:1092)
at org.testng.TestNG.run(TestNG.java:1060)
at com.intellij.rt.testng.IDEARemoteTestNG.run(IDEARemoteTestNG.java:66)
at com.intellij.rt.testng.RemoteTestNGStarter.main(RemoteTestNGStarter.java:109)
]]>
            </full-stacktrace>
          </exception> <!-- java.lang.NullPointerException -->
          <reporter-output>
          </reporter-output>
        </test-method> <!-- verifyUserShouldNavigateToComputerPageSuccessfully -->
      </class> <!-- com.nopcommerce.demo.testsuite.ComputerPageTest -->
      <class name="com.nopcommerce.demo.testsuite.LoginPageTest">
        <test-method status="FAIL" signature="userShouldNavigateToLoginPageSuccessfully()[pri:0, instance:com.nopcommerce.demo.testsuite.LoginPageTest@1877ab81]" name="userShouldNavigateToLoginPageSuccessfully" duration-ms="0" started-at="2022-05-09T18:48:55 BST" finished-at="2022-05-09T18:48:55 BST">
          <exception class="java.lang.NullPointerException">
            <full-stacktrace>
              <![CDATA[java.lang.NullPointerException
at com.nopcommerce.demo.testsuite.LoginPageTest.userShouldNavigateToLoginPageSuccessfully(LoginPageTest.java:22)
at sun.reflect.NativeMethodAccessorImpl.invoke0(Native Method)
at sun.reflect.NativeMethodAccessorImpl.invoke(NativeMethodAccessorImpl.java:62)
at sun.reflect.DelegatingMethodAccessorImpl.invoke(DelegatingMethodAccessorImpl.java:43)
at java.lang.reflect.Method.invoke(Method.java:498)
at org.testng.internal.invokers.MethodInvocationHelper.invokeMethod(MethodInvocationHelper.java:135)
at org.testng.internal.invokers.TestInvoker.invokeMethod(TestInvoker.java:673)
at org.testng.internal.invokers.TestInvoker.invokeTestMethod(TestInvoker.java:220)
at org.testng.internal.invokers.MethodRunner.runInSequence(MethodRunner.java:50)
at org.testng.internal.invokers.TestInvoker$MethodInvocationAgent.invoke(TestInvoker.java:945)
at org.testng.internal.invokers.TestInvoker.invokeTestMethods(TestInvoker.java:193)
at org.testng.internal.invokers.TestMethodWorker.invokeTestMethods(TestMethodWorker.java:146)
at org.testng.internal.invokers.TestMethodWorker.run(TestMethodWorker.java:128)
at java.util.ArrayList.forEach(ArrayList.java:1249)
at org.testng.TestRunner.privateRun(TestRunner.java:808)
at org.testng.TestRunner.run(TestRunner.java:603)
at org.testng.SuiteRunner.runTest(SuiteRunner.java:429)
at org.testng.SuiteRunner.runSequentially(SuiteRunner.java:423)
at org.testng.SuiteRunner.privateRun(SuiteRunner.java:383)
at org.testng.SuiteRunner.run(SuiteRunner.java:326)
at org.testng.SuiteRunnerWorker.runSuite(SuiteRunnerWorker.java:52)
at org.testng.SuiteRunnerWorker.run(SuiteRunnerWorker.java:95)
at org.testng.TestNG.runSuitesSequentially(TestNG.java:1249)
at org.testng.TestNG.runSuitesLocally(TestNG.java:1169)
at org.testng.TestNG.runSuites(TestNG.java:1092)
at org.testng.TestNG.run(TestNG.java:1060)
at com.intellij.rt.testng.IDEARemoteTestNG.run(IDEARemoteTestNG.java:66)
at com.intellij.rt.testng.RemoteTestNGStarter.main(RemoteTestNGStarter.java:109)
]]>
            </full-stacktrace>
          </exception> <!-- java.lang.NullPointerException -->
          <reporter-output>
          </reporter-output>
        </test-method> <!-- userShouldNavigateToLoginPageSuccessfully -->
      </class> <!-- com.nopcommerce.demo.testsuite.LoginPageTest -->
    </test> <!-- sanity -->
  </suite> <!-- sanity suite -->
</testng-results>
